<?xml version="1.0" encoding="UTF-8"?>
<testsuites>
  <testsuite name="fastlane.lanes">
    
    
    
      
      <testcase classname="fastlane.lanes" name="0: default_platform" time="0.000552102">
        
      </testcase>
    
      
      <testcase classname="fastlane.lanes" name="1: clean" time="1.755670578">
        
      </testcase>
    
      
      <testcase classname="fastlane.lanes" name="2: lintDevDebug" time="1.77181457">
        
          <failure message="/home/elias/IdeaProjects/NavController/vendor/bundle/ruby/3.2.0/gems/fastlane-2.231.1/fastlane/lib/fastlane/actions/actions_helper.rb:67:in `execute_action&apos;&#10;/home/elias/IdeaProjects/NavController/vendor/bundle/ruby/3.2.0/gems/fastlane-2.231.1/fastlane/lib/fastlane/runner.rb:255:in `block in execute_action&apos;&#10;/home/elias/IdeaProjects/NavController/vendor/bundle/ruby/3.2.0/gems/fastlane-2.231.1/fastlane/lib/fastlane/runner.rb:229:in `chdir&apos;&#10;/home/elias/IdeaProjects/NavController/vendor/bundle/ruby/3.2.0/gems/fastlane-2.231.1/fastlane/lib/fastlane/runner.rb:229:in `execute_action&apos;&#10;/home/elias/IdeaProjects/NavController/vendor/bundle/ruby/3.2.0/gems/fastlane-2.231.1/fastlane/lib/fastlane/runner.rb:157:in `trigger_action_by_name&apos;&#10;/home/elias/IdeaProjects/NavController/vendor/bundle/ruby/3.2.0/gems/fastlane-2.231.1/fastlane/lib/fastlane/fast_file.rb:159:in `method_missing&apos;&#10;Fastfile:40:in `block (2 levels) in parsing_binding&apos;&#10;/home/elias/IdeaProjects/NavController/vendor/bundle/ruby/3.2.0/gems/fastlane-2.231.1/fastlane/lib/fastlane/lane.rb:41:in `call&apos;&#10;/home/elias/IdeaProjects/NavController/vendor/bundle/ruby/3.2.0/gems/fastlane-2.231.1/fastlane/lib/fastlane/runner.rb:49:in `block in execute&apos;&#10;/home/elias/IdeaProjects/NavController/vendor/bundle/ruby/3.2.0/gems/fastlane-2.231.1/fastlane/lib/fastlane/runner.rb:45:in `chdir&apos;&#10;/home/elias/IdeaProjects/NavController/vendor/bundle/ruby/3.2.0/gems/fastlane-2.231.1/fastlane/lib/fastlane/runner.rb:45:in `execute&apos;&#10;/home/elias/IdeaProjects/NavController/vendor/bundle/ruby/3.2.0/gems/fastlane-2.231.1/fastlane/lib/fastlane/lane_manager.rb:46:in `cruise_lane&apos;&#10;/home/elias/IdeaProjects/NavController/vendor/bundle/ruby/3.2.0/gems/fastlane-2.231.1/fastlane/lib/fastlane/command_line_handler.rb:34:in `handle&apos;&#10;/home/elias/IdeaProjects/NavController/vendor/bundle/ruby/3.2.0/gems/fastlane-2.231.1/fastlane/lib/fastlane/commands_generator.rb:110:in `block (2 levels) in run&apos;&#10;/home/elias/IdeaProjects/NavController/vendor/bundle/ruby/3.2.0/gems/commander-4.6.0/lib/commander/command.rb:187:in `call&apos;&#10;/home/elias/IdeaProjects/NavController/vendor/bundle/ruby/3.2.0/gems/commander-4.6.0/lib/commander/command.rb:157:in `run&apos;&#10;/home/elias/IdeaProjects/NavController/vendor/bundle/ruby/3.2.0/gems/commander-4.6.0/lib/commander/runner.rb:444:in `run_active_command&apos;&#10;/home/elias/IdeaProjects/NavController/vendor/bundle/ruby/3.2.0/gems/fastlane-2.231.1/fastlane_core/lib/fastlane_core/ui/fastlane_runner.rb:124:in `run!&apos;&#10;/home/elias/IdeaProjects/NavController/vendor/bundle/ruby/3.2.0/gems/commander-4.6.0/lib/commander/delegates.rb:18:in `run!&apos;&#10;/home/elias/IdeaProjects/NavController/vendor/bundle/ruby/3.2.0/gems/fastlane-2.231.1/fastlane/lib/fastlane/commands_generator.rb:363:in `run&apos;&#10;/home/elias/IdeaProjects/NavController/vendor/bundle/ruby/3.2.0/gems/fastlane-2.231.1/fastlane/lib/fastlane/commands_generator.rb:43:in `start&apos;&#10;/home/elias/IdeaProjects/NavController/vendor/bundle/ruby/3.2.0/gems/fastlane-2.231.1/fastlane/lib/fastlane/cli_tools_distributor.rb:132:in `take_off&apos;&#10;/home/elias/IdeaProjects/NavController/vendor/bundle/ruby/3.2.0/gems/fastlane-2.231.1/bin/fastlane:23:in `&lt;top (required)&gt;&apos;&#10;/home/elias/IdeaProjects/NavController/vendor/bundle/ruby/3.2.0/bin/fastlane:25:in `load&apos;&#10;/home/elias/IdeaProjects/NavController/vendor/bundle/ruby/3.2.0/bin/fastlane:25:in `&lt;main&gt;&apos;&#10;&#10;Exit status of command &apos;/home/elias/IdeaProjects/NavController/gradlew lintDevDebug -p .&apos; was 1 instead of 0.&#10;&#10;FAILURE: Build failed with an exception.&#10;&#10;* What went wrong:&#10;Task &apos;lintDevDebug&apos; not found in root project &apos;NavigationController&apos; and its subprojects. Some candidates are: &apos;lintDebug&apos;, &apos;lintFixDebug&apos;.&#10;&#10;* Try:&#10;&gt; Run gradlew tasks to get a list of available tasks.&#10;&gt; For more on name expansion, please refer to https://docs.gradle.org/8.7/userguide/command_line_interface.html#sec:name_abbreviation in the Gradle documentation.&#10;&gt; Run with --stacktrace option to get the stack trace.&#10;&gt; Run with --info or --debug option to get more log output.&#10;&gt; Run with --scan to get full insights.&#10;&gt; Get more help at https://help.gradle.org.&#10;&#10;Deprecated Gradle features were used in this build, making it incompatible with Gradle 9.0.&#10;&#10;You can use &apos;--warning-mode all&apos; to show the individual deprecation warnings and determine if they come from your own scripts or plugins.&#10;&#10;For more on this, please refer to https://docs.gradle.org/8.7/userguide/command_line_interface.html#sec:command_line_warnings in the Gradle documentation.&#10;&#10;BUILD FAILED in 1s&#10;" />
        
      </testcase>
    
  </testsuite>
</testsuites>
